c:\users\womdviia\appdata\locallow\microsoft\cryptneturlcache\metadata\23b523c9e7746f715d33c6527c18eb9d
c:\users\womdviia\appdata\local\temp\irmagent.log
c:\users\womdviia\appdata\local\microsoft\clr_v2.0\usagelogs\intelremotemonagent2.exe.log
c:\users\womdviia\appdata\locallow\microsoft\cryptneturlcache\content\23b523c9e7746f715d33c6527c18eb9d
c:\users\womdviia\desktop\marek\! c++\tq\wydobywanie\wydobywanie\x64\debug\c_cell.obj
c:\users\womdviia\desktop\marek\! c++\tq\wydobywanie\wydobywanie\x64\debug\c_rysowanie.obj
c:\users\womdviia\desktop\marek\! c++\tq\wydobywanie\wydobywanie\x64\debug\c_tq_chem_pot.obj
c:\users\womdviia\desktop\marek\! c++\tq\wydobywanie\wydobywanie\x64\debug\c_tq_chem_pot_two_ph.obj
c:\users\womdviia\desktop\marek\! c++\tq\wydobywanie\wydobywanie\x64\debug\c_tq_fe.obj
c:\users\womdviia\desktop\marek\! c++\tq\wydobywanie\wydobywanie\x64\debug\c_tq_fe_fcc_gra.obj
c:\users\womdviia\desktop\marek\! c++\tq\wydobywanie\wydobywanie\x64\debug\c_tq_fe_old.obj
c:\users\womdviia\desktop\marek\! c++\tq\wydobywanie\wydobywanie\x64\debug\c_tq_liquidus.obj
c:\users\womdviia\desktop\marek\! c++\tq\wydobywanie\wydobywanie\x64\debug\c_tq_single_phase.obj
c:\users\womdviia\desktop\marek\! c++\tq\wydobywanie\wydobywanie\x64\debug\c_tq_single_phase_old.obj
c:\users\womdviia\desktop\marek\! c++\tq\wydobywanie\wydobywanie\x64\debug\c_tq_single_property.obj
c:\users\womdviia\desktop\marek\! c++\tq\wydobywanie\wydobywanie\x64\debug\c_tq_single_property_old.obj
c:\users\womdviia\desktop\marek\! c++\tq\wydobywanie\wydobywanie\x64\debug\main.obj
c:\users\womdviia\desktop\marek\! c++\tq\wydobywanie\wydobywanie\x64\debug\vc120.pdb
c:\users\womdviia\desktop\marek\! c++\tq\wydobywanie\x64\debug\wydobywanie.ilk
c:\users\womdviia\desktop\marek\! c++\tq\wydobywanie\x64\debug\wydobywanie.exe
c:\users\womdviia\desktop\marek\! c++\tq\wydobywanie\x64\debug\wydobywanie.pdb
c:\users\womdviia\desktop\marek\! c++\tq\wydobywanie\wydobywanie\x64\debug\wydobywanie.exe.intermediate.manifest
c:\users\womdviia\desktop\marek\! c++\tq\wydobywanie\wydobywanie\x64\debug\wydobywanie.tlog\icl-intelremotemonserver-intelremotemonagent-intelremotemonagent2.read.1.tlog
c:\users\womdviia\desktop\marek\! c++\tq\wydobywanie\wydobywanie\x64\debug\wydobywanie.tlog\icl-intelremotemonserver-intelremotemonagent-intelremotemonagent2.read.10.tlog
c:\users\womdviia\desktop\marek\! c++\tq\wydobywanie\wydobywanie\x64\debug\wydobywanie.tlog\icl-intelremotemonserver-intelremotemonagent-intelremotemonagent2.read.8.tlog
c:\users\womdviia\desktop\marek\! c++\tq\wydobywanie\wydobywanie\x64\debug\wydobywanie.tlog\icl-intelremotemonserver-intelremotemonagent-intelremotemonagent2.write.1.tlog
c:\users\womdviia\desktop\marek\! c++\tq\wydobywanie\wydobywanie\x64\debug\wydobywanie.tlog\icl-intelremotemonserver-intelremotemonagent-intelremotemonagent2.write.8.tlog
c:\users\womdviia\desktop\marek\! c++\tq\wydobywanie\wydobywanie\x64\debug\wydobywanie.tlog\icl-intelremotemonserver-intelremotemonagent.read.1.tlog
c:\users\womdviia\desktop\marek\! c++\tq\wydobywanie\wydobywanie\x64\debug\wydobywanie.tlog\icl-intelremotemonserver-intelremotemonagent.read.2.tlog
c:\users\womdviia\desktop\marek\! c++\tq\wydobywanie\wydobywanie\x64\debug\wydobywanie.tlog\icl-intelremotemonserver.read.1.tlog
c:\users\womdviia\desktop\marek\! c++\tq\wydobywanie\wydobywanie\x64\debug\wydobywanie.tlog\icl-intelremotemonserver.read.10.tlog
c:\users\womdviia\desktop\marek\! c++\tq\wydobywanie\wydobywanie\x64\debug\wydobywanie.tlog\icl-intelremotemonserver.read.11.tlog
c:\users\womdviia\desktop\marek\! c++\tq\wydobywanie\wydobywanie\x64\debug\wydobywanie.tlog\icl-intelremotemonserver.read.13.tlog
c:\users\womdviia\desktop\marek\! c++\tq\wydobywanie\wydobywanie\x64\debug\wydobywanie.tlog\icl-intelremotemonserver.read.15.tlog
c:\users\womdviia\desktop\marek\! c++\tq\wydobywanie\wydobywanie\x64\debug\wydobywanie.tlog\icl-intelremotemonserver.read.16.tlog
c:\users\womdviia\desktop\marek\! c++\tq\wydobywanie\wydobywanie\x64\debug\wydobywanie.tlog\icl-intelremotemonserver.read.2.tlog
c:\users\womdviia\desktop\marek\! c++\tq\wydobywanie\wydobywanie\x64\debug\wydobywanie.tlog\icl-intelremotemonserver.read.5.tlog
c:\users\womdviia\desktop\marek\! c++\tq\wydobywanie\wydobywanie\x64\debug\wydobywanie.tlog\icl-intelremotemonserver.read.6.tlog
c:\users\womdviia\desktop\marek\! c++\tq\wydobywanie\wydobywanie\x64\debug\wydobywanie.tlog\icl-intelremotemonserver.read.7.tlog
c:\users\womdviia\desktop\marek\! c++\tq\wydobywanie\wydobywanie\x64\debug\wydobywanie.tlog\icl-intelremotemonserver.read.8.tlog
c:\users\womdviia\desktop\marek\! c++\tq\wydobywanie\wydobywanie\x64\debug\wydobywanie.tlog\icl-intelremotemonserver.read.9.tlog
c:\users\womdviia\desktop\marek\! c++\tq\wydobywanie\wydobywanie\x64\debug\wydobywanie.tlog\icl-intelremotemonserver.write.2.tlog
c:\users\womdviia\desktop\marek\! c++\tq\wydobywanie\wydobywanie\x64\debug\wydobywanie.tlog\icl-mcpcom.read.1.tlog
c:\users\womdviia\desktop\marek\! c++\tq\wydobywanie\wydobywanie\x64\debug\wydobywanie.tlog\icl-mcpcom.write.1.tlog
c:\users\womdviia\desktop\marek\! c++\tq\wydobywanie\wydobywanie\x64\debug\wydobywanie.tlog\icl.command.1.tlog
c:\users\womdviia\desktop\marek\! c++\tq\wydobywanie\wydobywanie\x64\debug\wydobywanie.tlog\icl.read.1.tlog
c:\users\womdviia\desktop\marek\! c++\tq\wydobywanie\wydobywanie\x64\debug\wydobywanie.tlog\icl.write.1.tlog
c:\users\womdviia\desktop\marek\! c++\tq\wydobywanie\wydobywanie\x64\debug\wydobywanie.tlog\xilink-link.248.read.1.tlog
c:\users\womdviia\desktop\marek\! c++\tq\wydobywanie\wydobywanie\x64\debug\wydobywanie.tlog\xilink-link.248.read.2.tlog
c:\users\womdviia\desktop\marek\! c++\tq\wydobywanie\wydobywanie\x64\debug\wydobywanie.tlog\xilink-link.248.write.1.tlog
c:\users\womdviia\desktop\marek\! c++\tq\wydobywanie\wydobywanie\x64\debug\wydobywanie.tlog\xilink-link.4584.read.1.tlog
c:\users\womdviia\desktop\marek\! c++\tq\wydobywanie\wydobywanie\x64\debug\wydobywanie.tlog\xilink-link.4584.read.2.tlog
c:\users\womdviia\desktop\marek\! c++\tq\wydobywanie\wydobywanie\x64\debug\wydobywanie.tlog\xilink-link.4584.write.1.tlog
c:\users\womdviia\desktop\marek\! c++\tq\wydobywanie\wydobywanie\x64\debug\wydobywanie.tlog\xilink-link.read.1.tlog
c:\users\womdviia\desktop\marek\! c++\tq\wydobywanie\wydobywanie\x64\debug\wydobywanie.tlog\xilink-link.read.2.tlog
c:\users\womdviia\desktop\marek\! c++\tq\wydobywanie\wydobywanie\x64\debug\wydobywanie.tlog\xilink-link.write.1.tlog
c:\users\womdviia\desktop\marek\! c++\tq\wydobywanie\wydobywanie\x64\debug\wydobywanie.tlog\xilink-mcpcom.read.1.tlog
c:\users\womdviia\desktop\marek\! c++\tq\wydobywanie\wydobywanie\x64\debug\wydobywanie.tlog\xilink-mcpcom.write.1.tlog
c:\users\womdviia\desktop\marek\! c++\tq\wydobywanie\wydobywanie\x64\debug\wydobywanie.tlog\xilink.command.1.tlog
c:\users\womdviia\desktop\marek\! c++\tq\wydobywanie\wydobywanie\x64\debug\wydobywanie.tlog\xilink.read.1.tlog
c:\users\womdviia\desktop\marek\! c++\tq\wydobywanie\wydobywanie\x64\debug\wydobywanie.tlog\xilink.write.1.tlog
